<?xml version="1.0" encoding="UTF-8" ?>
<testsuite failures="0" time="4.732" errors="0" skipped="0" tests="1" name="org.mule.testcase.TestCaseTestCase">
  <properties>
    <property name="java.runtime.name" value="Java(TM) SE Runtime Environment"/>
    <property name="sun.boot.library.path" value="/System/Library/Java/JavaVirtualMachines/1.6.0.jdk/Contents/Libraries"/>
    <property name="java.vm.version" value="20.6-b01-415"/>
    <property name="awt.nativeDoubleBuffering" value="true"/>
    <property name="gopherProxySet" value="false"/>
    <property name="mrj.build" value="11M3646"/>
    <property name="java.vm.vendor" value="Apple Inc."/>
    <property name="java.vendor.url" value="http://www.apple.com/"/>
    <property name="path.separator" value=":"/>
    <property name="java.vm.name" value="Java HotSpot(TM) 64-Bit Server VM"/>
    <property name="file.encoding.pkg" value="sun.io"/>
    <property name="user.country" value="US"/>
    <property name="sun.java.launcher" value="SUN_STANDARD"/>
    <property name="sun.os.patch.level" value="unknown"/>
    <property name="java.vm.specification.name" value="Java Virtual Machine Specification"/>
    <property name="user.dir" value="/git/repos/my-personal-repo/TestCase"/>
    <property name="java.runtime.version" value="1.6.0_31-b04-415-11M3646"/>
    <property name="java.awt.graphicsenv" value="apple.awt.CGraphicsEnvironment"/>
    <property name="basedir" value="/git/repos/my-personal-repo/TestCase"/>
    <property name="java.endorsed.dirs" value="/System/Library/Java/JavaVirtualMachines/1.6.0.jdk/Contents/Home/lib/endorsed"/>
    <property name="os.arch" value="x86_64"/>
    <property name="surefire.real.class.path" value="/git/repos/my-personal-repo/TestCase/target/surefire/surefirebooter6806282346506837187.jar"/>
    <property name="java.io.tmpdir" value="/var/folders/fw/554xq1kx7lvfwfzl830dvfmw0000gn/T/"/>
    <property name="line.separator" value="
"/>
    <property name="java.vm.specification.vendor" value="Sun Microsystems Inc."/>
    <property name="os.name" value="Mac OS X"/>
    <property name="sun.jnu.encoding" value="MacRoman"/>
    <property name="java.library.path" value=".:/Library/Java/Extensions:/System/Library/Java/Extensions:/usr/lib/java"/>
    <property name="surefire.test.class.path" value="/git/repos/my-personal-repo/TestCase/target/test-classes:/git/repos/my-personal-repo/TestCase/target/classes:/Users/germnsolis/.m2/repository/org/mule/mule-core/3.2.2/mule-core-3.2.2.jar:/Users/germnsolis/.m2/repository/commons-beanutils/commons-beanutils/1.8.0/commons-beanutils-1.8.0.jar:/Users/germnsolis/.m2/repository/org/safehaus/jug/jug/2.0.0/jug-2.0.0-asl.jar:/Users/germnsolis/.m2/repository/commons-cli/commons-cli/1.2/commons-cli-1.2.jar:/Users/germnsolis/.m2/repository/commons-collections/commons-collections/3.2.1/commons-collections-3.2.1.jar:/Users/germnsolis/.m2/repository/commons-io/commons-io/1.4/commons-io-1.4.jar:/Users/germnsolis/.m2/repository/commons-lang/commons-lang/2.4/commons-lang-2.4.jar:/Users/germnsolis/.m2/repository/commons-pool/commons-pool/1.5.3/commons-pool-1.5.3.jar:/Users/germnsolis/.m2/repository/javax/activation/activation/1.1-osgi/activation-1.1-osgi.jar:/Users/germnsolis/.m2/repository/org/apache/geronimo/specs/geronimo-jta_1.1_spec/1.1.1/geronimo-jta_1.1_spec-1.1.1.jar:/Users/germnsolis/.m2/repository/org/apache/geronimo/specs/geronimo-j2ee-connector_1.5_spec/1.1-osgi/geronimo-j2ee-connector_1.5_spec-1.1-osgi.jar:/Users/germnsolis/.m2/repository/javax/annotation/jsr250-api/1.0/jsr250-api-1.0.jar:/Users/germnsolis/.m2/repository/org/slf4j/jcl-over-slf4j/1.6.1/jcl-over-slf4j-1.6.1.jar:/Users/germnsolis/.m2/repository/org/slf4j/slf4j-api/1.6.1/slf4j-api-1.6.1.jar:/Users/germnsolis/.m2/repository/org/slf4j/slf4j-log4j12/1.6.1/slf4j-log4j12-1.6.1.jar:/Users/germnsolis/.m2/repository/log4j/log4j/1.2.14/log4j-1.2.14.jar:/Users/germnsolis/.m2/repository/asm/asm/3.1/asm-3.1.jar:/Users/germnsolis/.m2/repository/asm/asm-commons/3.1/asm-commons-3.1.jar:/Users/germnsolis/.m2/repository/asm/asm-tree/3.1/asm-tree-3.1.jar:/Users/germnsolis/.m2/repository/org/mule/modules/mule-module-spring-config/3.2.2/mule-module-spring-config-3.2.2.jar:/Users/germnsolis/.m2/repository/org/mule/modules/mule-module-annotations/3.2.2/mule-module-annotations-3.2.2.jar:/Users/germnsolis/.m2/repository/cglib/cglib-nodep/2.2/cglib-nodep-2.2.jar:/Users/germnsolis/.m2/repository/org/springframework/spring-context/3.0.3.RELEASE/spring-context-3.0.3.RELEASE.jar:/Users/germnsolis/.m2/repository/org/springframework/spring-expression/3.0.3.RELEASE/spring-expression-3.0.3.RELEASE.jar:/Users/germnsolis/.m2/repository/org/springframework/spring-asm/3.0.3.RELEASE/spring-asm-3.0.3.RELEASE.jar:/Users/germnsolis/.m2/repository/dom4j/dom4j/1.6.1-osgi/dom4j-1.6.1-osgi.jar:/Users/germnsolis/.m2/repository/jaxen/jaxen/1.1.1/jaxen-1.1.1.jar:/Users/germnsolis/.m2/repository/jdom/jdom/1.0/jdom-1.0.jar:/Users/germnsolis/.m2/repository/org/mule/transports/mule-transport-file/3.2.2/mule-transport-file-3.2.2.jar:/Users/germnsolis/.m2/repository/org/mule/transports/mule-transport-http/3.2.2/mule-transport-http-3.2.2.jar:/Users/germnsolis/.m2/repository/org/mule/transports/mule-transport-ssl/3.2.2/mule-transport-ssl-3.2.2.jar:/Users/germnsolis/.m2/repository/commons-codec/commons-codec/1.3-osgi/commons-codec-1.3-osgi.jar:/Users/germnsolis/.m2/repository/commons-httpclient/commons-httpclient/3.1-osgi/commons-httpclient-3.1-osgi.jar:/Users/germnsolis/.m2/repository/tomcat/tomcat-util/5.5.23/tomcat-util-5.5.23.jar:/Users/germnsolis/.m2/repository/tomcat/tomcat-apr/5.5.23/tomcat-apr-5.5.23.jar:/Users/germnsolis/.m2/repository/org/samba/jcifs/jcifs/1.3.3/jcifs-1.3.3.jar:/Users/germnsolis/.m2/repository/org/mule/transports/mule-transport-jdbc/3.2.2/mule-transport-jdbc-3.2.2.jar:/Users/germnsolis/.m2/repository/commons-dbutils/commons-dbutils/1.2/commons-dbutils-1.2.jar:/Users/germnsolis/.m2/repository/com/experlog/xapool/1.5.0-osgi/xapool-1.5.0-osgi.jar:/Users/germnsolis/.m2/repository/org/mule/transports/mule-transport-jms/3.2.2/mule-transport-jms-3.2.2.jar:/Users/germnsolis/.m2/repository/org/apache/geronimo/specs/geronimo-jms_1.1_spec/1.1-osgi/geronimo-jms_1.1_spec-1.1-osgi.jar:/Users/germnsolis/.m2/repository/org/apache/geronimo/specs/geronimo-j2ee-management_1.0_spec/1.1-osgi/geronimo-j2ee-management_1.0_spec-1.1-osgi.jar:/Users/germnsolis/.m2/repository/org/mule/transports/mule-transport-vm/3.2.2/mule-transport-vm-3.2.2.jar:/Users/germnsolis/.m2/repository/org/mule/modules/mule-module-client/3.2.2/mule-module-client-3.2.2.jar:/Users/germnsolis/.m2/repository/org/mule/modules/mule-module-cxf/3.2.2/mule-module-cxf-3.2.2.jar:/Users/germnsolis/.m2/repository/org/apache/cxf/cxf-rt-core/2.3.1/cxf-rt-core-2.3.1.jar:/Users/germnsolis/.m2/repository/org/apache/cxf/cxf-api/2.3.1/cxf-api-2.3.1.jar:/Users/germnsolis/.m2/repository/org/apache/neethi/neethi/2.0.4/neethi-2.0.4.jar:/Users/germnsolis/.m2/repository/wsdl4j/wsdl4j/1.6.2/wsdl4j-1.6.2.jar:/Users/germnsolis/.m2/repository/org/apache/cxf/cxf-common-schemas/2.3.1/cxf-common-schemas-2.3.1.jar:/Users/germnsolis/.m2/repository/org/apache/ws/commons/schema/XmlSchema/1.4.7/XmlSchema-1.4.7.jar:/Users/germnsolis/.m2/repository/org/apache/cxf/cxf-rt-frontend-simple/2.3.1/cxf-rt-frontend-simple-2.3.1.jar:/Users/germnsolis/.m2/repository/org/apache/cxf/cxf-rt-bindings-soap/2.3.1/cxf-rt-bindings-soap-2.3.1.jar:/Users/germnsolis/.m2/repository/org/apache/cxf/cxf-tools-common/2.3.1/cxf-tools-common-2.3.1.jar:/Users/germnsolis/.m2/repository/org/apache/cxf/cxf-rt-frontend-jaxws/2.3.1/cxf-rt-frontend-jaxws-2.3.1.jar:/Users/germnsolis/.m2/repository/xml-resolver/xml-resolver/1.2/xml-resolver-1.2.jar:/Users/germnsolis/.m2/repository/org/apache/cxf/cxf-rt-bindings-xml/2.3.1/cxf-rt-bindings-xml-2.3.1.jar:/Users/germnsolis/.m2/repository/org/apache/cxf/cxf-rt-transports-http/2.3.1/cxf-rt-transports-http-2.3.1.jar:/Users/germnsolis/.m2/repository/org/apache/cxf/cxf-rt-ws-addr/2.3.1/cxf-rt-ws-addr-2.3.1.jar:/Users/germnsolis/.m2/repository/org/apache/cxf/cxf-rt-databinding-aegis/2.3.1/cxf-rt-databinding-aegis-2.3.1.jar:/Users/germnsolis/.m2/repository/org/apache/cxf/cxf-rt-databinding-jaxb/2.3.1/cxf-rt-databinding-jaxb-2.3.1.jar:/Users/germnsolis/.m2/repository/com/sun/xml/bind/jaxb-xjc/2.1.13/jaxb-xjc-2.1.13.jar:/Users/germnsolis/.m2/repository/org/apache/cxf/cxf-rt-transports-local/2.3.1/cxf-rt-transports-local-2.3.1.jar:/Users/germnsolis/.m2/repository/org/apache/cxf/cxf-rt-ws-security/2.3.1/cxf-rt-ws-security-2.3.1.jar:/Users/germnsolis/.m2/repository/org/apache/cxf/cxf-common-utilities/2.3.1/cxf-common-utilities-2.3.1.jar:/Users/germnsolis/.m2/repository/org/apache/ws/security/wss4j/1.5.10/wss4j-1.5.10.jar:/Users/germnsolis/.m2/repository/org/apache/santuario/xmlsec/1.4.4/xmlsec-1.4.4.jar:/Users/germnsolis/.m2/repository/org/apache/cxf/cxf-rt-ws-rm/2.3.1/cxf-rt-ws-rm-2.3.1.jar:/Users/germnsolis/.m2/repository/org/apache/cxf/cxf-wstx-msv-validation/2.3.1/cxf-wstx-msv-validation-2.3.1.jar:/Users/germnsolis/.m2/repository/net/java/dev/msv/msv-core/2010.1/msv-core-2010.1.jar:/Users/germnsolis/.m2/repository/com/sun/msv/datatype/xsd/xsdlib/2010.1/xsdlib-2010.1.jar:/Users/germnsolis/.m2/repository/isorelax/isorelax/20030108/isorelax-20030108.jar:/Users/germnsolis/.m2/repository/relaxngDatatype/relaxngDatatype/20020414/relaxngDatatype-20020414.jar:/Users/germnsolis/.m2/repository/com/sun/xml/messaging/saaj/saaj-impl/1.3-osgi/saaj-impl-1.3-osgi.jar:/Users/germnsolis/.m2/repository/javax/xml/soap/saaj-api/1.3/saaj-api-1.3.jar:/Users/germnsolis/.m2/repository/org/mule/modules/mule-module-spring-security/3.2.2/mule-module-spring-security-3.2.2.jar:/Users/germnsolis/.m2/repository/org/mule/modules/mule-module-spring-extras/3.2.2/mule-module-spring-extras-3.2.2.jar:/Users/germnsolis/.m2/repository/org/springframework/spring-jdbc/3.0.3.RELEASE/spring-jdbc-3.0.3.RELEASE.jar:/Users/germnsolis/.m2/repository/org/springframework/spring-jms/3.0.3.RELEASE/spring-jms-3.0.3.RELEASE.jar:/Users/germnsolis/.m2/repository/org/mule/modules/mule-module-management/3.2.2/mule-module-management-3.2.2.jar:/Users/germnsolis/.m2/repository/mx4j/mx4j-jmx/2.1.1-osgi/mx4j-jmx-2.1.1-osgi.jar:/Users/germnsolis/.m2/repository/mx4j/mx4j-impl/2.1.1-osgi/mx4j-impl-2.1.1-osgi.jar:/Users/germnsolis/.m2/repository/mx4j/mx4j-tools/2.1.1-osgi/mx4j-tools-2.1.1-osgi.jar:/Users/germnsolis/.m2/repository/mx4j/mx4j-remote/2.1.1-osgi/mx4j-remote-2.1.1-osgi.jar:/Users/germnsolis/.m2/repository/com/yourkit/yjp-controller-api-redist/9.0.8/yjp-controller-api-redist-9.0.8.jar:/Users/germnsolis/.m2/repository/tanukisoft/wrapper/3.2.3/wrapper-3.2.3.jar:/Users/germnsolis/.m2/repository/org/springframework/spring-context-support/3.0.3.RELEASE/spring-context-support-3.0.3.RELEASE.jar:/Users/germnsolis/.m2/repository/org/springmodules/spring-modules-cache/0.9/spring-modules-cache-0.9.jar:/Users/germnsolis/.m2/repository/org/springframework/security/spring-security-core/3.0.3.RELEASE/spring-security-core-3.0.3.RELEASE.jar:/Users/germnsolis/.m2/repository/org/springframework/spring-tx/3.0.3.RELEASE/spring-tx-3.0.3.RELEASE.jar:/Users/germnsolis/.m2/repository/org/aspectj/aspectjweaver/1.6.8/aspectjweaver-1.6.8.jar:/Users/germnsolis/.m2/repository/org/springframework/security/spring-security-config/3.0.3.RELEASE/spring-security-config-3.0.3.RELEASE.jar:/Users/germnsolis/.m2/repository/org/springframework/security/spring-security-web/3.0.3.RELEASE/spring-security-web-3.0.3.RELEASE.jar:/Users/germnsolis/.m2/repository/org/aspectj/aspectjrt/1.5.4/aspectjrt-1.5.4.jar:/Users/germnsolis/.m2/repository/org/mule/transports/mule-transport-tcp/3.2.2/mule-transport-tcp-3.2.2.jar:/Users/germnsolis/.m2/repository/net/sf/saxon/saxon/8.9.0.4-osgi/saxon-8.9.0.4-osgi.jar:/Users/germnsolis/.m2/repository/org/apache/geronimo/specs/geronimo-annotation_1.0_spec/1.1.1/geronimo-annotation_1.0_spec-1.1.1.jar:/Users/germnsolis/.m2/repository/org/springframework/spring-beans/3.0.3.RELEASE/spring-beans-3.0.3.RELEASE.jar:/Users/germnsolis/.m2/repository/org/springframework/spring-core/3.0.3.RELEASE/spring-core-3.0.3.RELEASE.jar:/Users/germnsolis/.m2/repository/javax/mail/mail/1.4.3/mail-1.4.3.jar:/Users/germnsolis/.m2/repository/javax/xml/ws/jaxws-api/2.2.1/jaxws-api-2.2.1.jar:/Users/germnsolis/.m2/repository/javax/jws/jsr181-api/1.0-MR1/jsr181-api-1.0-MR1.jar:/Users/germnsolis/.m2/repository/ant/ant/1.6.5/ant-1.6.5.jar:/Users/germnsolis/.m2/repository/org/mule/modules/mule-module-scripting/3.2.2/mule-module-scripting-3.2.2.jar:/Users/germnsolis/.m2/repository/org/springframework/spring-aop/3.0.3.RELEASE/spring-aop-3.0.3.RELEASE.jar:/Users/germnsolis/.m2/repository/aopalliance/aopalliance/1.0/aopalliance-1.0.jar:/Users/germnsolis/.m2/repository/org/mule/modules/mule-module-builders/3.2.2/mule-module-builders-3.2.2.jar:/Users/germnsolis/.m2/repository/org/springframework/spring-web/3.0.3.RELEASE/spring-web-3.0.3.RELEASE.jar:/Users/germnsolis/.m2/repository/org/livetribe/livetribe-jsr223/2.0.5/livetribe-jsr223-2.0.5.jar:/Users/germnsolis/.m2/repository/org/codehaus/groovy/groovy-all/1.6.7/groovy-all-1.6.7.jar:/Users/germnsolis/.m2/repository/org/mule/modules/mule-module-sxc/3.2.2/mule-module-sxc-3.2.2.jar:/Users/germnsolis/.m2/repository/com/envoisolutions/sxc/sxc-xpath/0.7.3-osgi/sxc-xpath-0.7.3-osgi.jar:/Users/germnsolis/.m2/repository/com/envoisolutions/sxc/sxc-runtime/0.7.3-osgi/sxc-runtime-0.7.3-osgi.jar:/Users/germnsolis/.m2/repository/com/envoisolutions/sxc/sxc-core/0.7.3-osgi/sxc-core-0.7.3-osgi.jar:/Users/germnsolis/.m2/repository/org/mule/modules/mule-module-xml/3.2.2/mule-module-xml-3.2.2.jar:/Users/germnsolis/.m2/repository/org/apache/geronimo/specs/geronimo-stax-api_1.0_spec/1.0.1/geronimo-stax-api_1.0_spec-1.0.1.jar:/Users/germnsolis/.m2/repository/commons-jxpath/commons-jxpath/1.3-osgi/commons-jxpath-1.3-osgi.jar:/Users/germnsolis/.m2/repository/com/thoughtworks/xstream/xstream/1.2.2-osgi/xstream-1.2.2-osgi.jar:/Users/germnsolis/.m2/repository/joda-time/joda-time/1.6/joda-time-1.6.jar:/Users/germnsolis/.m2/repository/xpp3/xpp3_min/1.1.3.4.O-osgi/xpp3_min-1.1.3.4.O-osgi.jar:/Users/germnsolis/.m2/repository/org/codehaus/woodstox/woodstox-core-asl/4.0.8/woodstox-core-asl-4.0.8.jar:/Users/germnsolis/.m2/repository/org/codehaus/woodstox/stax2-api/3.0.2/stax2-api-3.0.2.jar:/Users/germnsolis/.m2/repository/net/java/dev/stax-utils/stax-utils/20080702-osgi/stax-utils-20080702-osgi.jar:/Users/germnsolis/.m2/repository/net/sf/saxon/saxon-dom/8.9.0.4-osgi/saxon-dom-8.9.0.4-osgi.jar:/Users/germnsolis/.m2/repository/net/sf/saxon/saxon-xqj/8.9.0.4/saxon-xqj-8.9.0.4.jar:/Users/germnsolis/.m2/repository/javax/xml/bind/jaxb-api/2.1/jaxb-api-2.1.jar:/Users/germnsolis/.m2/repository/com/sun/xml/bind/jaxb-impl/2.1.5/jaxb-impl-2.1.5.jar:/Users/germnsolis/.m2/repository/org/mule/modules/mule-module-sfdc/4.2-SNAPSHOT/mule-module-sfdc-4.2-SNAPSHOT.jar:/Users/germnsolis/.m2/repository/org/cometd/java/cometd-java-client/2.2.0/cometd-java-client-2.2.0.jar:/Users/germnsolis/.m2/repository/org/cometd/java/bayeux-api/2.2.0/bayeux-api-2.2.0.jar:/Users/germnsolis/.m2/repository/org/cometd/java/cometd-java-common/2.2.0/cometd-java-common-2.2.0.jar:/Users/germnsolis/.m2/repository/org/eclipse/jetty/jetty-util/7.4.0.v20110414/jetty-util-7.4.0.v20110414.jar:/Users/germnsolis/.m2/repository/org/eclipse/jetty/jetty-io/7.4.0.v20110414/jetty-io-7.4.0.v20110414.jar:/Users/germnsolis/.m2/repository/org/eclipse/jetty/jetty-http/7.4.0.v20110414/jetty-http-7.4.0.v20110414.jar:/Users/germnsolis/.m2/repository/org/eclipse/jetty/jetty-client/7.4.0.v20110414/jetty-client-7.4.0.v20110414.jar:/Users/germnsolis/.m2/repository/rhino/js/1.7R2/js-1.7R2.jar:/Users/germnsolis/.m2/repository/org/mule/tools/devkit/mule-devkit-annotations/3.3-RC3/mule-devkit-annotations-3.3-RC3.jar:/Users/germnsolis/.m2/repository/javax/inject/javax.inject/1/javax.inject-1.jar:/Users/germnsolis/.m2/repository/javax/validation/validation-api/1.0.0.GA/validation-api-1.0.0.GA.jar:/Users/germnsolis/.m2/repository/org/mule/tests/mule-tests-functional/3.2.2/mule-tests-functional-3.2.2.jar:/Users/germnsolis/.m2/repository/org/mule/mule-core/3.2.2/mule-core-3.2.2-tests.jar:/Users/germnsolis/.m2/repository/mockobjects/mockobjects-core/0.09/mockobjects-core-0.09.jar:/Users/germnsolis/.m2/repository/junit/junit/4.9/junit-4.9.jar:/Users/germnsolis/.m2/repository/org/hamcrest/hamcrest-core/1.1/hamcrest-core-1.1.jar:"/>
    <property name="java.specification.name" value="Java Platform API Specification"/>
    <property name="java.class.version" value="50.0"/>
    <property name="sun.management.compiler" value="HotSpot 64-Bit Tiered Compilers"/>
    <property name="os.version" value="10.7.4"/>
    <property name="http.nonProxyHosts" value="local|*.local|169.254/16|*.169.254/16"/>
    <property name="user.home" value="/Users/germnsolis"/>
    <property name="user.timezone" value="America/Los_Angeles"/>
    <property name="java.awt.printerjob" value="apple.awt.CPrinterJob"/>
    <property name="java.specification.version" value="1.6"/>
    <property name="file.encoding" value="MacRoman"/>
    <property name="user.name" value="germnsolis"/>
    <property name="java.class.path" value="/git/repos/my-personal-repo/TestCase/target/test-classes:/git/repos/my-personal-repo/TestCase/target/classes:/Users/germnsolis/.m2/repository/org/mule/mule-core/3.2.2/mule-core-3.2.2.jar:/Users/germnsolis/.m2/repository/commons-beanutils/commons-beanutils/1.8.0/commons-beanutils-1.8.0.jar:/Users/germnsolis/.m2/repository/org/safehaus/jug/jug/2.0.0/jug-2.0.0-asl.jar:/Users/germnsolis/.m2/repository/commons-cli/commons-cli/1.2/commons-cli-1.2.jar:/Users/germnsolis/.m2/repository/commons-collections/commons-collections/3.2.1/commons-collections-3.2.1.jar:/Users/germnsolis/.m2/repository/commons-io/commons-io/1.4/commons-io-1.4.jar:/Users/germnsolis/.m2/repository/commons-lang/commons-lang/2.4/commons-lang-2.4.jar:/Users/germnsolis/.m2/repository/commons-pool/commons-pool/1.5.3/commons-pool-1.5.3.jar:/Users/germnsolis/.m2/repository/javax/activation/activation/1.1-osgi/activation-1.1-osgi.jar:/Users/germnsolis/.m2/repository/org/apache/geronimo/specs/geronimo-jta_1.1_spec/1.1.1/geronimo-jta_1.1_spec-1.1.1.jar:/Users/germnsolis/.m2/repository/org/apache/geronimo/specs/geronimo-j2ee-connector_1.5_spec/1.1-osgi/geronimo-j2ee-connector_1.5_spec-1.1-osgi.jar:/Users/germnsolis/.m2/repository/javax/annotation/jsr250-api/1.0/jsr250-api-1.0.jar:/Users/germnsolis/.m2/repository/org/slf4j/jcl-over-slf4j/1.6.1/jcl-over-slf4j-1.6.1.jar:/Users/germnsolis/.m2/repository/org/slf4j/slf4j-api/1.6.1/slf4j-api-1.6.1.jar:/Users/germnsolis/.m2/repository/org/slf4j/slf4j-log4j12/1.6.1/slf4j-log4j12-1.6.1.jar:/Users/germnsolis/.m2/repository/log4j/log4j/1.2.14/log4j-1.2.14.jar:/Users/germnsolis/.m2/repository/asm/asm/3.1/asm-3.1.jar:/Users/germnsolis/.m2/repository/asm/asm-commons/3.1/asm-commons-3.1.jar:/Users/germnsolis/.m2/repository/asm/asm-tree/3.1/asm-tree-3.1.jar:/Users/germnsolis/.m2/repository/org/mule/modules/mule-module-spring-config/3.2.2/mule-module-spring-config-3.2.2.jar:/Users/germnsolis/.m2/repository/org/mule/modules/mule-module-annotations/3.2.2/mule-module-annotations-3.2.2.jar:/Users/germnsolis/.m2/repository/cglib/cglib-nodep/2.2/cglib-nodep-2.2.jar:/Users/germnsolis/.m2/repository/org/springframework/spring-context/3.0.3.RELEASE/spring-context-3.0.3.RELEASE.jar:/Users/germnsolis/.m2/repository/org/springframework/spring-expression/3.0.3.RELEASE/spring-expression-3.0.3.RELEASE.jar:/Users/germnsolis/.m2/repository/org/springframework/spring-asm/3.0.3.RELEASE/spring-asm-3.0.3.RELEASE.jar:/Users/germnsolis/.m2/repository/dom4j/dom4j/1.6.1-osgi/dom4j-1.6.1-osgi.jar:/Users/germnsolis/.m2/repository/jaxen/jaxen/1.1.1/jaxen-1.1.1.jar:/Users/germnsolis/.m2/repository/jdom/jdom/1.0/jdom-1.0.jar:/Users/germnsolis/.m2/repository/org/mule/transports/mule-transport-file/3.2.2/mule-transport-file-3.2.2.jar:/Users/germnsolis/.m2/repository/org/mule/transports/mule-transport-http/3.2.2/mule-transport-http-3.2.2.jar:/Users/germnsolis/.m2/repository/org/mule/transports/mule-transport-ssl/3.2.2/mule-transport-ssl-3.2.2.jar:/Users/germnsolis/.m2/repository/commons-codec/commons-codec/1.3-osgi/commons-codec-1.3-osgi.jar:/Users/germnsolis/.m2/repository/commons-httpclient/commons-httpclient/3.1-osgi/commons-httpclient-3.1-osgi.jar:/Users/germnsolis/.m2/repository/tomcat/tomcat-util/5.5.23/tomcat-util-5.5.23.jar:/Users/germnsolis/.m2/repository/tomcat/tomcat-apr/5.5.23/tomcat-apr-5.5.23.jar:/Users/germnsolis/.m2/repository/org/samba/jcifs/jcifs/1.3.3/jcifs-1.3.3.jar:/Users/germnsolis/.m2/repository/org/mule/transports/mule-transport-jdbc/3.2.2/mule-transport-jdbc-3.2.2.jar:/Users/germnsolis/.m2/repository/commons-dbutils/commons-dbutils/1.2/commons-dbutils-1.2.jar:/Users/germnsolis/.m2/repository/com/experlog/xapool/1.5.0-osgi/xapool-1.5.0-osgi.jar:/Users/germnsolis/.m2/repository/org/mule/transports/mule-transport-jms/3.2.2/mule-transport-jms-3.2.2.jar:/Users/germnsolis/.m2/repository/org/apache/geronimo/specs/geronimo-jms_1.1_spec/1.1-osgi/geronimo-jms_1.1_spec-1.1-osgi.jar:/Users/germnsolis/.m2/repository/org/apache/geronimo/specs/geronimo-j2ee-management_1.0_spec/1.1-osgi/geronimo-j2ee-management_1.0_spec-1.1-osgi.jar:/Users/germnsolis/.m2/repository/org/mule/transports/mule-transport-vm/3.2.2/mule-transport-vm-3.2.2.jar:/Users/germnsolis/.m2/repository/org/mule/modules/mule-module-client/3.2.2/mule-module-client-3.2.2.jar:/Users/germnsolis/.m2/repository/org/mule/modules/mule-module-cxf/3.2.2/mule-module-cxf-3.2.2.jar:/Users/germnsolis/.m2/repository/org/apache/cxf/cxf-rt-core/2.3.1/cxf-rt-core-2.3.1.jar:/Users/germnsolis/.m2/repository/org/apache/cxf/cxf-api/2.3.1/cxf-api-2.3.1.jar:/Users/germnsolis/.m2/repository/org/apache/neethi/neethi/2.0.4/neethi-2.0.4.jar:/Users/germnsolis/.m2/repository/wsdl4j/wsdl4j/1.6.2/wsdl4j-1.6.2.jar:/Users/germnsolis/.m2/repository/org/apache/cxf/cxf-common-schemas/2.3.1/cxf-common-schemas-2.3.1.jar:/Users/germnsolis/.m2/repository/org/apache/ws/commons/schema/XmlSchema/1.4.7/XmlSchema-1.4.7.jar:/Users/germnsolis/.m2/repository/org/apache/cxf/cxf-rt-frontend-simple/2.3.1/cxf-rt-frontend-simple-2.3.1.jar:/Users/germnsolis/.m2/repository/org/apache/cxf/cxf-rt-bindings-soap/2.3.1/cxf-rt-bindings-soap-2.3.1.jar:/Users/germnsolis/.m2/repository/org/apache/cxf/cxf-tools-common/2.3.1/cxf-tools-common-2.3.1.jar:/Users/germnsolis/.m2/repository/org/apache/cxf/cxf-rt-frontend-jaxws/2.3.1/cxf-rt-frontend-jaxws-2.3.1.jar:/Users/germnsolis/.m2/repository/xml-resolver/xml-resolver/1.2/xml-resolver-1.2.jar:/Users/germnsolis/.m2/repository/org/apache/cxf/cxf-rt-bindings-xml/2.3.1/cxf-rt-bindings-xml-2.3.1.jar:/Users/germnsolis/.m2/repository/org/apache/cxf/cxf-rt-transports-http/2.3.1/cxf-rt-transports-http-2.3.1.jar:/Users/germnsolis/.m2/repository/org/apache/cxf/cxf-rt-ws-addr/2.3.1/cxf-rt-ws-addr-2.3.1.jar:/Users/germnsolis/.m2/repository/org/apache/cxf/cxf-rt-databinding-aegis/2.3.1/cxf-rt-databinding-aegis-2.3.1.jar:/Users/germnsolis/.m2/repository/org/apache/cxf/cxf-rt-databinding-jaxb/2.3.1/cxf-rt-databinding-jaxb-2.3.1.jar:/Users/germnsolis/.m2/repository/com/sun/xml/bind/jaxb-xjc/2.1.13/jaxb-xjc-2.1.13.jar:/Users/germnsolis/.m2/repository/org/apache/cxf/cxf-rt-transports-local/2.3.1/cxf-rt-transports-local-2.3.1.jar:/Users/germnsolis/.m2/repository/org/apache/cxf/cxf-rt-ws-security/2.3.1/cxf-rt-ws-security-2.3.1.jar:/Users/germnsolis/.m2/repository/org/apache/cxf/cxf-common-utilities/2.3.1/cxf-common-utilities-2.3.1.jar:/Users/germnsolis/.m2/repository/org/apache/ws/security/wss4j/1.5.10/wss4j-1.5.10.jar:/Users/germnsolis/.m2/repository/org/apache/santuario/xmlsec/1.4.4/xmlsec-1.4.4.jar:/Users/germnsolis/.m2/repository/org/apache/cxf/cxf-rt-ws-rm/2.3.1/cxf-rt-ws-rm-2.3.1.jar:/Users/germnsolis/.m2/repository/org/apache/cxf/cxf-wstx-msv-validation/2.3.1/cxf-wstx-msv-validation-2.3.1.jar:/Users/germnsolis/.m2/repository/net/java/dev/msv/msv-core/2010.1/msv-core-2010.1.jar:/Users/germnsolis/.m2/repository/com/sun/msv/datatype/xsd/xsdlib/2010.1/xsdlib-2010.1.jar:/Users/germnsolis/.m2/repository/isorelax/isorelax/20030108/isorelax-20030108.jar:/Users/germnsolis/.m2/repository/relaxngDatatype/relaxngDatatype/20020414/relaxngDatatype-20020414.jar:/Users/germnsolis/.m2/repository/com/sun/xml/messaging/saaj/saaj-impl/1.3-osgi/saaj-impl-1.3-osgi.jar:/Users/germnsolis/.m2/repository/javax/xml/soap/saaj-api/1.3/saaj-api-1.3.jar:/Users/germnsolis/.m2/repository/org/mule/modules/mule-module-spring-security/3.2.2/mule-module-spring-security-3.2.2.jar:/Users/germnsolis/.m2/repository/org/mule/modules/mule-module-spring-extras/3.2.2/mule-module-spring-extras-3.2.2.jar:/Users/germnsolis/.m2/repository/org/springframework/spring-jdbc/3.0.3.RELEASE/spring-jdbc-3.0.3.RELEASE.jar:/Users/germnsolis/.m2/repository/org/springframework/spring-jms/3.0.3.RELEASE/spring-jms-3.0.3.RELEASE.jar:/Users/germnsolis/.m2/repository/org/mule/modules/mule-module-management/3.2.2/mule-module-management-3.2.2.jar:/Users/germnsolis/.m2/repository/mx4j/mx4j-jmx/2.1.1-osgi/mx4j-jmx-2.1.1-osgi.jar:/Users/germnsolis/.m2/repository/mx4j/mx4j-impl/2.1.1-osgi/mx4j-impl-2.1.1-osgi.jar:/Users/germnsolis/.m2/repository/mx4j/mx4j-tools/2.1.1-osgi/mx4j-tools-2.1.1-osgi.jar:/Users/germnsolis/.m2/repository/mx4j/mx4j-remote/2.1.1-osgi/mx4j-remote-2.1.1-osgi.jar:/Users/germnsolis/.m2/repository/com/yourkit/yjp-controller-api-redist/9.0.8/yjp-controller-api-redist-9.0.8.jar:/Users/germnsolis/.m2/repository/tanukisoft/wrapper/3.2.3/wrapper-3.2.3.jar:/Users/germnsolis/.m2/repository/org/springframework/spring-context-support/3.0.3.RELEASE/spring-context-support-3.0.3.RELEASE.jar:/Users/germnsolis/.m2/repository/org/springmodules/spring-modules-cache/0.9/spring-modules-cache-0.9.jar:/Users/germnsolis/.m2/repository/org/springframework/security/spring-security-core/3.0.3.RELEASE/spring-security-core-3.0.3.RELEASE.jar:/Users/germnsolis/.m2/repository/org/springframework/spring-tx/3.0.3.RELEASE/spring-tx-3.0.3.RELEASE.jar:/Users/germnsolis/.m2/repository/org/aspectj/aspectjweaver/1.6.8/aspectjweaver-1.6.8.jar:/Users/germnsolis/.m2/repository/org/springframework/security/spring-security-config/3.0.3.RELEASE/spring-security-config-3.0.3.RELEASE.jar:/Users/germnsolis/.m2/repository/org/springframework/security/spring-security-web/3.0.3.RELEASE/spring-security-web-3.0.3.RELEASE.jar:/Users/germnsolis/.m2/repository/org/aspectj/aspectjrt/1.5.4/aspectjrt-1.5.4.jar:/Users/germnsolis/.m2/repository/org/mule/transports/mule-transport-tcp/3.2.2/mule-transport-tcp-3.2.2.jar:/Users/germnsolis/.m2/repository/net/sf/saxon/saxon/8.9.0.4-osgi/saxon-8.9.0.4-osgi.jar:/Users/germnsolis/.m2/repository/org/apache/geronimo/specs/geronimo-annotation_1.0_spec/1.1.1/geronimo-annotation_1.0_spec-1.1.1.jar:/Users/germnsolis/.m2/repository/org/springframework/spring-beans/3.0.3.RELEASE/spring-beans-3.0.3.RELEASE.jar:/Users/germnsolis/.m2/repository/org/springframework/spring-core/3.0.3.RELEASE/spring-core-3.0.3.RELEASE.jar:/Users/germnsolis/.m2/repository/javax/mail/mail/1.4.3/mail-1.4.3.jar:/Users/germnsolis/.m2/repository/javax/xml/ws/jaxws-api/2.2.1/jaxws-api-2.2.1.jar:/Users/germnsolis/.m2/repository/javax/jws/jsr181-api/1.0-MR1/jsr181-api-1.0-MR1.jar:/Users/germnsolis/.m2/repository/ant/ant/1.6.5/ant-1.6.5.jar:/Users/germnsolis/.m2/repository/org/mule/modules/mule-module-scripting/3.2.2/mule-module-scripting-3.2.2.jar:/Users/germnsolis/.m2/repository/org/springframework/spring-aop/3.0.3.RELEASE/spring-aop-3.0.3.RELEASE.jar:/Users/germnsolis/.m2/repository/aopalliance/aopalliance/1.0/aopalliance-1.0.jar:/Users/germnsolis/.m2/repository/org/mule/modules/mule-module-builders/3.2.2/mule-module-builders-3.2.2.jar:/Users/germnsolis/.m2/repository/org/springframework/spring-web/3.0.3.RELEASE/spring-web-3.0.3.RELEASE.jar:/Users/germnsolis/.m2/repository/org/livetribe/livetribe-jsr223/2.0.5/livetribe-jsr223-2.0.5.jar:/Users/germnsolis/.m2/repository/org/codehaus/groovy/groovy-all/1.6.7/groovy-all-1.6.7.jar:/Users/germnsolis/.m2/repository/org/mule/modules/mule-module-sxc/3.2.2/mule-module-sxc-3.2.2.jar:/Users/germnsolis/.m2/repository/com/envoisolutions/sxc/sxc-xpath/0.7.3-osgi/sxc-xpath-0.7.3-osgi.jar:/Users/germnsolis/.m2/repository/com/envoisolutions/sxc/sxc-runtime/0.7.3-osgi/sxc-runtime-0.7.3-osgi.jar:/Users/germnsolis/.m2/repository/com/envoisolutions/sxc/sxc-core/0.7.3-osgi/sxc-core-0.7.3-osgi.jar:/Users/germnsolis/.m2/repository/org/mule/modules/mule-module-xml/3.2.2/mule-module-xml-3.2.2.jar:/Users/germnsolis/.m2/repository/org/apache/geronimo/specs/geronimo-stax-api_1.0_spec/1.0.1/geronimo-stax-api_1.0_spec-1.0.1.jar:/Users/germnsolis/.m2/repository/commons-jxpath/commons-jxpath/1.3-osgi/commons-jxpath-1.3-osgi.jar:/Users/germnsolis/.m2/repository/com/thoughtworks/xstream/xstream/1.2.2-osgi/xstream-1.2.2-osgi.jar:/Users/germnsolis/.m2/repository/joda-time/joda-time/1.6/joda-time-1.6.jar:/Users/germnsolis/.m2/repository/xpp3/xpp3_min/1.1.3.4.O-osgi/xpp3_min-1.1.3.4.O-osgi.jar:/Users/germnsolis/.m2/repository/org/codehaus/woodstox/woodstox-core-asl/4.0.8/woodstox-core-asl-4.0.8.jar:/Users/germnsolis/.m2/repository/org/codehaus/woodstox/stax2-api/3.0.2/stax2-api-3.0.2.jar:/Users/germnsolis/.m2/repository/net/java/dev/stax-utils/stax-utils/20080702-osgi/stax-utils-20080702-osgi.jar:/Users/germnsolis/.m2/repository/net/sf/saxon/saxon-dom/8.9.0.4-osgi/saxon-dom-8.9.0.4-osgi.jar:/Users/germnsolis/.m2/repository/net/sf/saxon/saxon-xqj/8.9.0.4/saxon-xqj-8.9.0.4.jar:/Users/germnsolis/.m2/repository/javax/xml/bind/jaxb-api/2.1/jaxb-api-2.1.jar:/Users/germnsolis/.m2/repository/com/sun/xml/bind/jaxb-impl/2.1.5/jaxb-impl-2.1.5.jar:/Users/germnsolis/.m2/repository/org/mule/modules/mule-module-sfdc/4.2-SNAPSHOT/mule-module-sfdc-4.2-SNAPSHOT.jar:/Users/germnsolis/.m2/repository/org/cometd/java/cometd-java-client/2.2.0/cometd-java-client-2.2.0.jar:/Users/germnsolis/.m2/repository/org/cometd/java/bayeux-api/2.2.0/bayeux-api-2.2.0.jar:/Users/germnsolis/.m2/repository/org/cometd/java/cometd-java-common/2.2.0/cometd-java-common-2.2.0.jar:/Users/germnsolis/.m2/repository/org/eclipse/jetty/jetty-util/7.4.0.v20110414/jetty-util-7.4.0.v20110414.jar:/Users/germnsolis/.m2/repository/org/eclipse/jetty/jetty-io/7.4.0.v20110414/jetty-io-7.4.0.v20110414.jar:/Users/germnsolis/.m2/repository/org/eclipse/jetty/jetty-http/7.4.0.v20110414/jetty-http-7.4.0.v20110414.jar:/Users/germnsolis/.m2/repository/org/eclipse/jetty/jetty-client/7.4.0.v20110414/jetty-client-7.4.0.v20110414.jar:/Users/germnsolis/.m2/repository/rhino/js/1.7R2/js-1.7R2.jar:/Users/germnsolis/.m2/repository/org/mule/tools/devkit/mule-devkit-annotations/3.3-RC3/mule-devkit-annotations-3.3-RC3.jar:/Users/germnsolis/.m2/repository/javax/inject/javax.inject/1/javax.inject-1.jar:/Users/germnsolis/.m2/repository/javax/validation/validation-api/1.0.0.GA/validation-api-1.0.0.GA.jar:/Users/germnsolis/.m2/repository/org/mule/tests/mule-tests-functional/3.2.2/mule-tests-functional-3.2.2.jar:/Users/germnsolis/.m2/repository/org/mule/mule-core/3.2.2/mule-core-3.2.2-tests.jar:/Users/germnsolis/.m2/repository/mockobjects/mockobjects-core/0.09/mockobjects-core-0.09.jar:/Users/germnsolis/.m2/repository/junit/junit/4.9/junit-4.9.jar:/Users/germnsolis/.m2/repository/org/hamcrest/hamcrest-core/1.1/hamcrest-core-1.1.jar:"/>
    <property name="java.vm.specification.version" value="1.0"/>
    <property name="sun.arch.data.model" value="64"/>
    <property name="java.home" value="/System/Library/Java/JavaVirtualMachines/1.6.0.jdk/Contents/Home"/>
    <property name="sun.java.command" value="/git/repos/my-personal-repo/TestCase/target/surefire/surefirebooter6806282346506837187.jar /git/repos/my-personal-repo/TestCase/target/surefire/surefire6218057105082235408tmp /git/repos/my-personal-repo/TestCase/target/surefire/surefire1242872192466048tmp"/>
    <property name="java.specification.vendor" value="Sun Microsystems Inc."/>
    <property name="user.language" value="en"/>
    <property name="awt.toolkit" value="apple.awt.CToolkit"/>
    <property name="java.vm.info" value="mixed mode"/>
    <property name="java.version" value="1.6.0_31"/>
    <property name="java.ext.dirs" value="/Library/Java/Extensions:/System/Library/Java/Extensions:/System/Library/Java/JavaVirtualMachines/1.6.0.jdk/Contents/Home/lib/ext"/>
    <property name="sun.boot.class.path" value="/System/Library/Java/JavaVirtualMachines/1.6.0.jdk/Contents/Classes/jsfd.jar:/System/Library/Java/JavaVirtualMachines/1.6.0.jdk/Contents/Classes/classes.jar:/System/Library/Frameworks/JavaVM.framework/Frameworks/JavaRuntimeSupport.framework/Resources/Java/JavaRuntimeSupport.jar:/System/Library/Java/JavaVirtualMachines/1.6.0.jdk/Contents/Classes/ui.jar:/System/Library/Java/JavaVirtualMachines/1.6.0.jdk/Contents/Classes/laf.jar:/System/Library/Java/JavaVirtualMachines/1.6.0.jdk/Contents/Classes/sunrsasign.jar:/System/Library/Java/JavaVirtualMachines/1.6.0.jdk/Contents/Classes/jsse.jar:/System/Library/Java/JavaVirtualMachines/1.6.0.jdk/Contents/Classes/jce.jar:/System/Library/Java/JavaVirtualMachines/1.6.0.jdk/Contents/Classes/charsets.jar"/>
    <property name="java.vendor" value="Apple Inc."/>
    <property name="localRepository" value="/Users/germnsolis/.m2/repository"/>
    <property name="file.separator" value="/"/>
    <property name="java.vendor.url.bug" value="http://bugreport.apple.com/"/>
    <property name="sun.cpu.endian" value="little"/>
    <property name="sun.io.unicode.encoding" value="UnicodeLittle"/>
    <property name="mrj.version" value="1070.1.6.0_31-415"/>
    <property name="socksNonProxyHosts" value="local|*.local|169.254/16|*.169.254/16"/>
    <property name="mule.encoding" value="UTF-8"/>
    <property name="ftp.nonProxyHosts" value="local|*.local|169.254/16|*.169.254/16"/>
    <property name="sun.cpu.isalist" value=""/>
  </properties>
  <testcase time="4.588" classname="org.mule.testcase.TestCaseTestCase" name="testcase"/>
</testsuite>